2025-11-03 14:41:02,743 [   1124]   WARN - org.apache.lucene.internal.vectorization.VectorizationProvider - Java vector incubator module is not readable. For optimal vector performance, pass '--add-modules jdk.incubator.vector' to enable Vector API.
2025-11-03 14:41:03,471 [   1852]   WARN - #com.android.studio.ml.enterprise.login.StudioModelsOnboardingController$Companion - Auth state changed from AuthState.Initializing(isAuthorized=false) to AuthState.LoggedOut(isAuthorized=false)
2025-11-03 14:41:08,976 [   7357]   WARN - #c.i.u.j.JBCefApp - JCefAppConfig.class is not from a JBR module, url: jar:file:/opt/android-studio/lib/lib.jar!/com/jetbrains/cef/JCefAppConfig.class (Use JBR bundled with the IDE)
2025-11-03 14:41:09,324 [   7705]   WARN - #com.android.tools.ndk.HotfixForOCInitialTablesBuildingActivity - Overriding OCInitialTablesBuildingActivity with HotfixForOCInitialTablesBuildingActivity
2025-11-03 14:41:35,589 [  33970]   WARN - #com.android.tools.ndk.HotfixForOCInitialTablesBuildingActivity - Overriding OCInitialTablesBuildingActivity with HotfixForOCInitialTablesBuildingActivity
2025-11-03 14:41:35,754 [  34135]   WARN - #c.i.o.f.i.FileEditorProviderManagerImpl - Please make class com.android.tools.idea.editors.manifest.GradleManifestEditorProvider dumb-aware
2025-11-03 14:43:06,577 [ 124958]   WARN - #c.i.o.e.s.p.m.LibraryDataService - Multiple project level libraries found with the same name 'Gradle: androidx.annotation:annotation-jvm:1.9.1'
2025-11-03 14:43:06,577 [ 124958]   WARN - #c.i.o.e.s.p.m.LibraryDataService - Multiple project level libraries found with the same name 'Gradle: org.jetbrains.kotlin:kotlin-stdlib:2.2.20'
2025-11-03 14:43:06,578 [ 124959]   WARN - #c.i.o.e.s.p.m.LibraryDataService - Multiple project level libraries found with the same name 'Gradle: org.jetbrains:annotations:23.0.0'
2025-11-03 14:43:06,581 [ 124962]   WARN - #c.i.o.e.s.p.m.LibraryDataService - Multiple project level libraries found with the same name 'Gradle: androidx.arch.core:core-common:2.2.0'
2025-11-03 14:43:06,581 [ 124962]   WARN - #c.i.o.e.s.p.m.LibraryDataService - Multiple project level libraries found with the same name 'Gradle: androidx.lifecycle:lifecycle-common-jvm:2.9.4'
2025-11-03 14:43:06,581 [ 124962]   WARN - #c.i.o.e.s.p.m.LibraryDataService - Multiple project level libraries found with the same name 'Gradle: org.jspecify:jspecify:1.0.0'
2025-11-03 14:43:06,582 [ 124963]   WARN - #c.i.o.e.s.p.m.LibraryDataService - Multiple project level libraries found with the same name 'Gradle: org.jetbrains.kotlinx:kotlinx-serialization-core-jvm:1.7.3'
2025-11-03 14:43:06,582 [ 124963]   WARN - #c.i.o.e.s.p.m.LibraryDataService - Multiple project level libraries found with the same name 'Gradle: org.jetbrains.kotlin:kotlin-test-junit:2.2.20'
2025-11-03 14:43:06,582 [ 124963]   WARN - #c.i.o.e.s.p.m.LibraryDataService - Multiple project level libraries found with the same name 'Gradle: org.jetbrains.kotlin:kotlin-test:2.2.20'
2025-11-03 14:43:06,582 [ 124963]   WARN - #c.i.o.e.s.p.m.LibraryDataService - Multiple project level libraries found with the same name 'Gradle: junit:junit:4.13.2'
2025-11-03 14:43:06,582 [ 124963]   WARN - #c.i.o.e.s.p.m.LibraryDataService - Multiple project level libraries found with the same name 'Gradle: org.hamcrest:hamcrest-core:1.3'
2025-11-03 14:46:36,066 [ 334447]   WARN - #c.i.u.i.p.ProjectIndexableFilesFilterHealthCheck - Following files are indexable but they were NOT found in filter. Errors count: 42. Examples:
file id=667743 path=/home/alma/0prog2/programacion-2-2025-trabajo-final-almaeq/frontend/.idea
file id=667747 path=/home/alma/0prog2/programacion-2-2025-trabajo-final-almaeq/frontend/gradle
file id=667752 path=/home/alma/0prog2/programacion-2-2025-trabajo-final-almaeq/frontend/iosApp
file id=667756 path=/home/alma/0prog2/programacion-2-2025-trabajo-final-almaeq/frontend/gradle/wrapper
file id=667758 path=/home/alma/0prog2/programacion-2-2025-trabajo-final-almaeq/frontend/gradle/wrapper/gradle-wrapper.properties
...
2025-12-08 08:36:40,217 [    861]   WARN - #c.i.o.v.n.p.FSRecords - Records storage [/home/alma/.cache/JetBrains/IntelliJIdea2025.2/caches/records.dat] was in use by process [OwnershipInfo{owner pid: 5545, acquired at: 1765132732297}] which is not exist now (wasn't closed properly/crashed?) -> re-acquiring forcibly
2025-12-08 08:36:40,238 [    882]   WARN - #c.i.o.v.n.p.PersistentFSLoader - [VFS load problem]: VFS wasn't safely shut down: records.wasClosedProperly is false
2025-12-08 08:36:42,668 [   3312]   WARN - #c.i.o.v.n.p.PersistentFSLoader - [VFS load problem]: NOT_CLOSED_PROPERLY recovered, no problems remain
2025-12-08 08:36:43,607 [   4251] SEVERE - #c.i.u.i.UnindexedFilesScanner - It should not happen that project has seen file id in orphan queue at index larger than number of files that orphan queue ever had. projectQueue.lastSeenIdsInOrphanQueue=79, orphanQueue.untrimmedSize=0, orphanQueue.fileIds.size=0, project=Project(name=programacion-2-2025-trabajo-final-almaeq, containerState=COMPONENT_CREATED, componentStore=/home/alma/0prog2/programacion-2-2025-trabajo-final-almaeq), orphanQueueDiscardReason=com.intellij.util.indexing.OrphanDirtyFilesQueueDiscardReason@6d56b6ad
java.lang.Throwable: It should not happen that project has seen file id in orphan queue at index larger than number of files that orphan queue ever had. projectQueue.lastSeenIdsInOrphanQueue=79, orphanQueue.untrimmedSize=0, orphanQueue.fileIds.size=0, project=Project(name=programacion-2-2025-trabajo-final-almaeq, containerState=COMPONENT_CREATED, componentStore=/home/alma/0prog2/programacion-2-2025-trabajo-final-almaeq), orphanQueueDiscardReason=com.intellij.util.indexing.OrphanDirtyFilesQueueDiscardReason@6d56b6ad
	at com.intellij.openapi.diagnostic.Logger.error(Logger.java:375)
	at com.intellij.util.indexing.UnindexedFilesScannerStartupKt.getNotSeenIds(unindexedFilesScannerStartup.kt:207)
	at com.intellij.util.indexing.UnindexedFilesScannerStartupKt.scanAndIndexProjectAfterOpen(unindexedFilesScannerStartup.kt:72)
	at com.intellij.util.indexing.ProjectFileBasedIndexStartupActivity.runActivity(ProjectFileBasedIndexStartupActivity.kt:93)
	at com.intellij.openapi.project.InitialDumbTaskRequiredForSmartMode.performInDumbMode(InitialDumbTaskRequiredForSmartMode.kt:22)
	at com.intellij.openapi.project.DumbModeTask.perform(DumbModeTask.java:40)
	at com.intellij.openapi.project.MergingTaskQueue$QueuedTask.executeTask(MergingTaskQueue.java:296)
	at com.intellij.openapi.project.MergingTaskQueue$QueuedTask.executeTask(MergingTaskQueue.java:284)
	at com.intellij.openapi.project.MergingQueueGuiExecutor.runSingleTask$lambda$8(MergingQueueGuiExecutor.kt:255)
	at com.intellij.openapi.progress.impl.CoreProgressManager.lambda$runProcess$1(CoreProgressManager.java:229)
	at com.intellij.platform.diagnostic.telemetry.helpers.TraceKt.use(trace.kt:44)
	at com.intellij.openapi.progress.impl.CoreProgressManager.lambda$runProcess$2(CoreProgressManager.java:228)
	at com.intellij.openapi.progress.impl.CoreProgressManager.lambda$executeProcessUnderProgress$14(CoreProgressManager.java:681)
	at com.intellij.openapi.progress.impl.CoreProgressManager.registerIndicatorAndRun(CoreProgressManager.java:756)
	at com.intellij.openapi.progress.impl.CoreProgressManager.computeUnderProgress(CoreProgressManager.java:712)
	at com.intellij.openapi.progress.impl.CoreProgressManager.executeProcessUnderProgress(CoreProgressManager.java:680)
	at com.intellij.openapi.progress.impl.ProgressManagerImpl.executeProcessUnderProgress(ProgressManagerImpl.java:78)
	at com.intellij.openapi.progress.impl.CoreProgressManager.runProcess(CoreProgressManager.java:209)
	at com.intellij.openapi.project.MergingQueueGuiExecutor.runSingleTask(MergingQueueGuiExecutor.kt:251)
	at com.intellij.openapi.project.MergingQueueGuiExecutor.processTasksWithProgress$lambda$3(MergingQueueGuiExecutor.kt:126)
	at com.intellij.openapi.project.MergingQueueGuiSuspender.setCurrentSuspenderAndSuspendIfRequested(MergingQueueGuiSuspender.kt:61)
	at com.intellij.openapi.project.MergingQueueGuiExecutor.processTasksWithProgress(MergingQueueGuiExecutor.kt:110)
	at com.intellij.openapi.project.DumbServiceGuiExecutor.processTasksWithProgress(DumbServiceGuiExecutor.kt:41)
	at com.intellij.openapi.project.MergingQueueGuiExecutor.runBackgroundProcessWithSuspender(MergingQueueGuiExecutor.kt:242)
	at com.intellij.openapi.project.MergingQueueGuiExecutor.lambda$1$lambda$0(MergingQueueGuiExecutor.kt:102)
	at com.intellij.openapi.project.MergingQueueGuiExecutor.runWithCallbacks(MergingQueueGuiExecutor.kt:226)
	at com.intellij.openapi.project.MergingQueueGuiExecutor._init_$lambda$1(MergingQueueGuiExecutor.kt:101)
	at com.intellij.openapi.project.SingleTaskExecutor$StateAwareTask.run$lambda$0(SingleTaskExecutor.kt:37)
	at com.intellij.openapi.project.SingleTaskExecutor.runWithStateHandling(SingleTaskExecutor.kt:63)
	at com.intellij.openapi.project.SingleTaskExecutor.access$runWithStateHandling(SingleTaskExecutor.kt:22)
	at com.intellij.openapi.project.SingleTaskExecutor$StateAwareTask.run(SingleTaskExecutor.kt:37)
	at com.intellij.openapi.project.MergingQueueGuiExecutor.startBackgroundProcess$lambda$6$lambda$5(MergingQueueGuiExecutor.kt:156)
	at com.intellij.openapi.project.MergingQueueGuiExecutor$startInBackgroundWithVisibleOrInvisibleProgress$backgroundableTask$1.run(MergingQueueGuiExecutor.kt:197)
	at com.intellij.openapi.progress.impl.CoreProgressManager.startTask(CoreProgressManager.java:498)
	at com.intellij.openapi.progress.impl.ProgressManagerImpl.startTask(ProgressManagerImpl.java:119)
	at com.intellij.openapi.progress.impl.CoreProgressManager.lambda$runProcessWithProgressAsynchronously$7(CoreProgressManager.java:549)
	at com.intellij.openapi.progress.impl.ProgressRunner.lambda$submit$4(ProgressRunner.java:252)
	at com.intellij.openapi.progress.ProgressManager.lambda$runProcess$0(ProgressManager.java:98)
	at com.intellij.openapi.progress.impl.CoreProgressManager.lambda$runProcess$1(CoreProgressManager.java:229)
	at com.intellij.platform.diagnostic.telemetry.helpers.TraceKt.use(trace.kt:44)
	at com.intellij.openapi.progress.impl.CoreProgressManager.lambda$runProcess$2(CoreProgressManager.java:228)
	at com.intellij.openapi.progress.impl.CoreProgressManager.lambda$executeProcessUnderProgress$14(CoreProgressManager.java:681)
	at com.intellij.openapi.progress.impl.CoreProgressManager.registerIndicatorAndRun(CoreProgressManager.java:756)
	at com.intellij.openapi.progress.impl.CoreProgressManager.computeUnderProgress(CoreProgressManager.java:712)
	at com.intellij.openapi.progress.impl.CoreProgressManager.executeProcessUnderProgress(CoreProgressManager.java:680)
	at com.intellij.openapi.progress.impl.ProgressManagerImpl.executeProcessUnderProgress(ProgressManagerImpl.java:78)
	at com.intellij.openapi.progress.impl.CoreProgressManager.runProcess(CoreProgressManager.java:209)
	at com.intellij.openapi.progress.ProgressManager.runProcess(ProgressManager.java:98)
	at com.intellij.openapi.progress.impl.ProgressRunner.lambda$submit$5(ProgressRunner.java:252)
	at com.intellij.openapi.progress.impl.ProgressRunner$ProgressRunnable.run(ProgressRunner.java:515)
	at com.intellij.openapi.progress.impl.ProgressRunner.lambda$launchTask$18(ProgressRunner.java:480)
	at com.intellij.util.concurrency.ChildContext$runInChildContext$1.invoke(propagation.kt:167)
	at com.intellij.util.concurrency.ChildContext$runInChildContext$1.invoke(propagation.kt:167)
	at com.intellij.util.concurrency.ChildContext.runInChildContext(propagation.kt:173)
	at com.intellij.util.concurrency.ChildContext.runInChildContext(propagation.kt:167)
	at com.intellij.openapi.progress.impl.ProgressRunner.lambda$launchTask$19(ProgressRunner.java:476)
	at java.base/java.util.concurrent.ThreadPoolExecutor.runWorker(ThreadPoolExecutor.java:1144)
	at java.base/java.util.concurrent.ThreadPoolExecutor$Worker.run(ThreadPoolExecutor.java:642)
	at java.base/java.util.concurrent.Executors$PrivilegedThreadFactory$1$1.run(Executors.java:735)
	at java.base/java.util.concurrent.Executors$PrivilegedThreadFactory$1$1.run(Executors.java:732)
	at java.base/java.security.AccessController.doPrivileged(AccessController.java:400)
	at java.base/java.util.concurrent.Executors$PrivilegedThreadFactory$1.run(Executors.java:732)
	at java.base/java.lang.Thread.run(Thread.java:1583)
2025-12-08 08:36:43,614 [   4258] SEVERE - #c.i.u.i.UnindexedFilesScanner - IntelliJ IDEA 2025.2.3  Build #IU-252.26830.84
2025-12-08 08:36:43,614 [   4258] SEVERE - #c.i.u.i.UnindexedFilesScanner - JDK: 21.0.8; VM: OpenJDK 64-Bit Server VM; Vendor: JetBrains s.r.o.
2025-12-08 08:36:43,614 [   4258] SEVERE - #c.i.u.i.UnindexedFilesScanner - OS: Linux
2025-12-08 08:36:43,614 [   4258] SEVERE - #c.i.u.i.UnindexedFilesScanner - Last Action: 
JCEF_V(36:46:447): Found cef_server binary '/opt/idea-IU-252.26830.84/jbr/lib/cef_server' via System.getProperty('java.home')=/opt/idea-IU-252.26830.84/jbr
JCEF_V(36:46:447): Java is started via native launcher. Found cef_server path /opt/idea-IU-252.26830.84/jbr/lib/cef_server (via system propety)
2025-12-08 08:36:46,933 [   7577]   WARN - #c.i.v.l.u.StorageId$Directory - Failed to move /home/alma/.cache/JetBrains/IntelliJIdea2025.2/vcs-log/program_2f712626_289ba3ea/index to /home/alma/.cache/JetBrains/IntelliJIdea2025.2/vcs-log/program_2f712626_289ba3ea/index
java.nio.file.NoSuchFileException: /home/alma/.cache/JetBrains/IntelliJIdea2025.2/vcs-log/program_2f712626_289ba3ea/index
	at java.base/sun.nio.fs.UnixException.translateToIOException(UnixException.java:94)
	at java.base/sun.nio.fs.UnixException.rethrowAsIOException(UnixException.java:108)
	at java.base/sun.nio.fs.UnixException.rethrowAsIOException(UnixException.java:114)
	at java.base/sun.nio.fs.UnixFileSystem.move(UnixFileSystem.java:892)
	at java.base/sun.nio.fs.UnixFileSystemProvider.move(UnixFileSystemProvider.java:309)
	at com.intellij.platform.core.nio.fs.DelegatingFileSystemProvider.move(DelegatingFileSystemProvider.java:211)
	at java.base/java.nio.file.Files.move(Files.java:1431)
	at com.intellij.vcs.log.util.StorageId.cleanupAllStorageFiles(PersistentUtil.kt:58)
	at com.intellij.vcs.log.data.VcsLogStorageImpl.lambda$createStorageAndIndexBackend$4(VcsLogStorageImpl.java:375)
	at com.intellij.util.io.IOUtil.openCleanOrResetBroken(IOUtil.java:310)
	at com.intellij.vcs.log.data.VcsLogStorageImpl.createStorageAndIndexBackend(VcsLogStorageImpl.java:358)
	at com.intellij.vcs.log.data.VcsLogData.createStorageAndIndex(VcsLogData.java:149)
	at com.intellij.vcs.log.data.VcsLogData.<init>(VcsLogData.java:92)
	at com.intellij.vcs.log.impl.VcsLogManager.<init>(VcsLogManager.kt:62)
	at com.intellij.vcs.log.impl.IdeVcsLogManager.<init>(IdeVcsLogManager.kt:33)
	at com.intellij.vcs.log.impl.IdeVcsProjectLog.createLogManager(IdeVcsProjectLog.kt:48)
	at com.intellij.vcs.log.impl.VcsProjectLogBase.getOrCreateLogManager(VcsProjectLogBase.kt:221)
	at com.intellij.vcs.log.impl.VcsProjectLogBase.access$getOrCreateLogManager(VcsProjectLogBase.kt:52)
	at com.intellij.vcs.log.impl.VcsProjectLogBase$getOrCreateLogManager$2.invokeSuspend(VcsProjectLogBase.kt:209)
	at com.intellij.vcs.log.impl.VcsProjectLogBase$getOrCreateLogManager$2.invoke(VcsProjectLogBase.kt)
	at com.intellij.vcs.log.impl.VcsProjectLogBase$getOrCreateLogManager$2.invoke(VcsProjectLogBase.kt)
	at com.intellij.platform.backend.observation.PlatformActivityTrackerService$trackConfigurationActivity$2$1.invokeSuspend(PlatformActivityTrackerService.kt:72)
	at com.intellij.platform.backend.observation.PlatformActivityTrackerService$trackConfigurationActivity$2$1.invoke(PlatformActivityTrackerService.kt)
	at com.intellij.platform.backend.observation.PlatformActivityTrackerService$trackConfigurationActivity$2$1.invoke(PlatformActivityTrackerService.kt)
	at kotlinx.coroutines.intrinsics.UndispatchedKt.startUndispatchedOrReturn(Undispatched.kt:44)
	at kotlinx.coroutines.BuildersKt__Builders_commonKt.withContext(Builders.common.kt:166)
	at kotlinx.coroutines.BuildersKt.withContext(Unknown Source)
	at com.intellij.platform.backend.observation.PlatformActivityTrackerService.trackConfigurationActivity(PlatformActivityTrackerService.kt:71)
	at com.intellij.platform.backend.observation.TrackingUtil.trackActivity(util.kt:23)
	at com.intellij.vcs.log.impl.VcsProjectLogBase.getOrCreateLogManager(VcsProjectLogBase.kt:208)
	at com.intellij.vcs.log.impl.VcsProjectLogBase.access$getOrCreateLogManager(VcsProjectLogBase.kt:52)
	at com.intellij.vcs.log.impl.VcsProjectLogBase$initAsync$1.invokeSuspend(VcsProjectLogBase.kt:164)
	at kotlin.coroutines.jvm.internal.BaseContinuationImpl.resumeWith(ContinuationImpl.kt:33)
	at kotlinx.coroutines.DispatchedTask.run(DispatchedTask.kt:100)
	at kotlinx.coroutines.scheduling.CoroutineScheduler.runSafely(CoroutineScheduler.kt:613)
	at kotlinx.coroutines.scheduling.CoroutineScheduler$Worker.executeTask(CoroutineScheduler.kt:1189)
	at kotlinx.coroutines.scheduling.CoroutineScheduler$Worker.runWorker(CoroutineScheduler.kt:778)
	at kotlinx.coroutines.scheduling.CoroutineScheduler$Worker.run(CoroutineScheduler.kt:765)
2025-12-08 08:36:47,536 [   8180]   WARN - #c.i.s.c.i.StationSocketConnectionLoop - RecentProjects connection failed with NoSuchFileException (/run/user/1000/jb.station.sock)
2025-12-08 08:36:47,959 [   8603] SEVERE - #c.i.u.i.UnindexedFilesScanner - It should not happen that project has seen file id in orphan queue at index larger than number of files that orphan queue ever had. projectQueue.lastSeenIdsInOrphanQueue=79, orphanQueue.untrimmedSize=0, orphanQueue.fileIds.size=0, project=Project(name=backend, containerState=COMPONENT_CREATED, componentStore=/home/alma/0prog2/programacion-2-2025-trabajo-final-almaeq/backend), orphanQueueDiscardReason=com.intellij.util.indexing.OrphanDirtyFilesQueueDiscardReason@6d56b6ad
java.lang.Throwable: It should not happen that project has seen file id in orphan queue at index larger than number of files that orphan queue ever had. projectQueue.lastSeenIdsInOrphanQueue=79, orphanQueue.untrimmedSize=0, orphanQueue.fileIds.size=0, project=Project(name=backend, containerState=COMPONENT_CREATED, componentStore=/home/alma/0prog2/programacion-2-2025-trabajo-final-almaeq/backend), orphanQueueDiscardReason=com.intellij.util.indexing.OrphanDirtyFilesQueueDiscardReason@6d56b6ad
	at com.intellij.openapi.diagnostic.Logger.error(Logger.java:375)
	at com.intellij.util.indexing.UnindexedFilesScannerStartupKt.getNotSeenIds(unindexedFilesScannerStartup.kt:207)
	at com.intellij.util.indexing.UnindexedFilesScannerStartupKt.scanAndIndexProjectAfterOpen(unindexedFilesScannerStartup.kt:72)
	at com.intellij.util.indexing.ProjectFileBasedIndexStartupActivity.runActivity(ProjectFileBasedIndexStartupActivity.kt:93)
	at com.intellij.openapi.project.InitialDumbTaskRequiredForSmartMode.performInDumbMode(InitialDumbTaskRequiredForSmartMode.kt:22)
	at com.intellij.openapi.project.DumbModeTask.perform(DumbModeTask.java:40)
	at com.intellij.openapi.project.MergingTaskQueue$QueuedTask.executeTask(MergingTaskQueue.java:296)
	at com.intellij.openapi.project.MergingTaskQueue$QueuedTask.executeTask(MergingTaskQueue.java:284)
	at com.intellij.openapi.project.MergingQueueGuiExecutor.runSingleTask$lambda$8(MergingQueueGuiExecutor.kt:255)
	at com.intellij.openapi.progress.impl.CoreProgressManager.lambda$runProcess$1(CoreProgressManager.java:229)
	at com.intellij.platform.diagnostic.telemetry.helpers.TraceKt.use(trace.kt:44)
	at com.intellij.openapi.progress.impl.CoreProgressManager.lambda$runProcess$2(CoreProgressManager.java:228)
	at com.intellij.openapi.progress.impl.CoreProgressManager.lambda$executeProcessUnderProgress$14(CoreProgressManager.java:681)
	at com.intellij.openapi.progress.impl.CoreProgressManager.registerIndicatorAndRun(CoreProgressManager.java:756)
	at com.intellij.openapi.progress.impl.CoreProgressManager.computeUnderProgress(CoreProgressManager.java:712)
	at com.intellij.openapi.progress.impl.CoreProgressManager.executeProcessUnderProgress(CoreProgressManager.java:680)
	at com.intellij.openapi.progress.impl.ProgressManagerImpl.executeProcessUnderProgress(ProgressManagerImpl.java:78)
	at com.intellij.openapi.progress.impl.CoreProgressManager.runProcess(CoreProgressManager.java:209)
	at com.intellij.openapi.project.MergingQueueGuiExecutor.runSingleTask(MergingQueueGuiExecutor.kt:251)
	at com.intellij.openapi.project.MergingQueueGuiExecutor.processTasksWithProgress$lambda$3(MergingQueueGuiExecutor.kt:126)
	at com.intellij.openapi.project.MergingQueueGuiSuspender.setCurrentSuspenderAndSuspendIfRequested(MergingQueueGuiSuspender.kt:61)
	at com.intellij.openapi.project.MergingQueueGuiExecutor.processTasksWithProgress(MergingQueueGuiExecutor.kt:110)
	at com.intellij.openapi.project.DumbServiceGuiExecutor.processTasksWithProgress(DumbServiceGuiExecutor.kt:41)
	at com.intellij.openapi.project.MergingQueueGuiExecutor.runBackgroundProcessWithSuspender(MergingQueueGuiExecutor.kt:242)
	at com.intellij.openapi.project.MergingQueueGuiExecutor.lambda$1$lambda$0(MergingQueueGuiExecutor.kt:102)
	at com.intellij.openapi.project.MergingQueueGuiExecutor.runWithCallbacks(MergingQueueGuiExecutor.kt:226)
	at com.intellij.openapi.project.MergingQueueGuiExecutor._init_$lambda$1(MergingQueueGuiExecutor.kt:101)
	at com.intellij.openapi.project.SingleTaskExecutor$StateAwareTask.run$lambda$0(SingleTaskExecutor.kt:37)
	at com.intellij.openapi.project.SingleTaskExecutor.runWithStateHandling(SingleTaskExecutor.kt:63)
	at com.intellij.openapi.project.SingleTaskExecutor.access$runWithStateHandling(SingleTaskExecutor.kt:22)
	at com.intellij.openapi.project.SingleTaskExecutor$StateAwareTask.run(SingleTaskExecutor.kt:37)
	at com.intellij.openapi.project.MergingQueueGuiExecutor.startBackgroundProcess$lambda$6$lambda$5(MergingQueueGuiExecutor.kt:156)
	at com.intellij.openapi.project.MergingQueueGuiExecutor$startInBackgroundWithVisibleOrInvisibleProgress$backgroundableTask$1.run(MergingQueueGuiExecutor.kt:197)
	at com.intellij.openapi.progress.impl.CoreProgressManager.startTask(CoreProgressManager.java:498)
	at com.intellij.openapi.progress.impl.ProgressManagerImpl.startTask(ProgressManagerImpl.java:119)
	at com.intellij.openapi.progress.impl.CoreProgressManager.lambda$runProcessWithProgressAsynchronously$7(CoreProgressManager.java:549)
	at com.intellij.openapi.progress.impl.ProgressRunner.lambda$submit$4(ProgressRunner.java:252)
	at com.intellij.openapi.progress.ProgressManager.lambda$runProcess$0(ProgressManager.java:98)
	at com.intellij.openapi.progress.impl.CoreProgressManager.lambda$runProcess$1(CoreProgressManager.java:229)
	at com.intellij.platform.diagnostic.telemetry.helpers.TraceKt.use(trace.kt:44)
	at com.intellij.openapi.progress.impl.CoreProgressManager.lambda$runProcess$2(CoreProgressManager.java:228)
	at com.intellij.openapi.progress.impl.CoreProgressManager.lambda$executeProcessUnderProgress$14(CoreProgressManager.java:681)
	at com.intellij.openapi.progress.impl.CoreProgressManager.registerIndicatorAndRun(CoreProgressManager.java:756)
	at com.intellij.openapi.progress.impl.CoreProgressManager.computeUnderProgress(CoreProgressManager.java:712)
	at com.intellij.openapi.progress.impl.CoreProgressManager.executeProcessUnderProgress(CoreProgressManager.java:680)
	at com.intellij.openapi.progress.impl.ProgressManagerImpl.executeProcessUnderProgress(ProgressManagerImpl.java:78)
	at com.intellij.openapi.progress.impl.CoreProgressManager.runProcess(CoreProgressManager.java:209)
	at com.intellij.openapi.progress.ProgressManager.runProcess(ProgressManager.java:98)
	at com.intellij.openapi.progress.impl.ProgressRunner.lambda$submit$5(ProgressRunner.java:252)
	at com.intellij.openapi.progress.impl.ProgressRunner$ProgressRunnable.run(ProgressRunner.java:515)
	at com.intellij.openapi.progress.impl.ProgressRunner.lambda$launchTask$18(ProgressRunner.java:480)
	at com.intellij.util.concurrency.ChildContext$runInChildContext$1.invoke(propagation.kt:167)
	at com.intellij.util.concurrency.ChildContext$runInChildContext$1.invoke(propagation.kt:167)
	at com.intellij.util.concurrency.ChildContext.runInChildContext(propagation.kt:173)
	at com.intellij.util.concurrency.ChildContext.runInChildContext(propagation.kt:167)
	at com.intellij.openapi.progress.impl.ProgressRunner.lambda$launchTask$19(ProgressRunner.java:476)
	at java.base/java.util.concurrent.ThreadPoolExecutor.runWorker(ThreadPoolExecutor.java:1144)
	at java.base/java.util.concurrent.ThreadPoolExecutor$Worker.run(ThreadPoolExecutor.java:642)
	at java.base/java.util.concurrent.Executors$PrivilegedThreadFactory$1$1.run(Executors.java:735)
	at java.base/java.util.concurrent.Executors$PrivilegedThreadFactory$1$1.run(Executors.java:732)
	at java.base/java.security.AccessController.doPrivileged(AccessController.java:400)
	at java.base/java.util.concurrent.Executors$PrivilegedThreadFactory$1.run(Executors.java:732)
	at java.base/java.lang.Thread.run(Thread.java:1583)
2025-12-08 08:36:47,967 [   8611] SEVERE - #c.i.u.i.UnindexedFilesScanner - IntelliJ IDEA 2025.2.3  Build #IU-252.26830.84
2025-12-08 08:36:47,967 [   8611] SEVERE - #c.i.u.i.UnindexedFilesScanner - JDK: 21.0.8; VM: OpenJDK 64-Bit Server VM; Vendor: JetBrains s.r.o.
2025-12-08 08:36:47,967 [   8611] SEVERE - #c.i.u.i.UnindexedFilesScanner - OS: Linux
2025-12-08 08:36:47,967 [   8611] SEVERE - #c.i.u.i.UnindexedFilesScanner - Last Action: 
2025-12-08 08:36:48,374 [   9018]   WARN - #c.i.s.c.i.StationSocketConnectionLoop - Discovery connection failed with NoSuchFileException (/run/user/1000/jb.station.sock)
2025-12-08 08:36:49,581 [  10225]   WARN - #c.i.v.l.u.StorageId$Directory - Failed to move /home/alma/.cache/JetBrains/IntelliJIdea2025.2/vcs-log/backend_56b8e3ab_289ba3ea/index to /home/alma/.cache/JetBrains/IntelliJIdea2025.2/vcs-log/backend_56b8e3ab_289ba3ea/index
java.nio.file.NoSuchFileException: /home/alma/.cache/JetBrains/IntelliJIdea2025.2/vcs-log/backend_56b8e3ab_289ba3ea/index
	at java.base/sun.nio.fs.UnixException.translateToIOException(UnixException.java:94)
	at java.base/sun.nio.fs.UnixException.rethrowAsIOException(UnixException.java:108)
	at java.base/sun.nio.fs.UnixException.rethrowAsIOException(UnixException.java:114)
	at java.base/sun.nio.fs.UnixFileSystem.move(UnixFileSystem.java:892)
	at java.base/sun.nio.fs.UnixFileSystemProvider.move(UnixFileSystemProvider.java:309)
	at com.intellij.platform.core.nio.fs.DelegatingFileSystemProvider.move(DelegatingFileSystemProvider.java:211)
	at java.base/java.nio.file.Files.move(Files.java:1431)
	at com.intellij.vcs.log.util.StorageId.cleanupAllStorageFiles(PersistentUtil.kt:58)
	at com.intellij.vcs.log.data.VcsLogStorageImpl.lambda$createStorageAndIndexBackend$4(VcsLogStorageImpl.java:375)
	at com.intellij.util.io.IOUtil.openCleanOrResetBroken(IOUtil.java:310)
	at com.intellij.vcs.log.data.VcsLogStorageImpl.createStorageAndIndexBackend(VcsLogStorageImpl.java:358)
	at com.intellij.vcs.log.data.VcsLogData.createStorageAndIndex(VcsLogData.java:149)
	at com.intellij.vcs.log.data.VcsLogData.<init>(VcsLogData.java:92)
	at com.intellij.vcs.log.impl.VcsLogManager.<init>(VcsLogManager.kt:62)
	at com.intellij.vcs.log.impl.IdeVcsLogManager.<init>(IdeVcsLogManager.kt:33)
	at com.intellij.vcs.log.impl.IdeVcsProjectLog.createLogManager(IdeVcsProjectLog.kt:48)
	at com.intellij.vcs.log.impl.VcsProjectLogBase.getOrCreateLogManager(VcsProjectLogBase.kt:221)
	at com.intellij.vcs.log.impl.VcsProjectLogBase.access$getOrCreateLogManager(VcsProjectLogBase.kt:52)
	at com.intellij.vcs.log.impl.VcsProjectLogBase$getOrCreateLogManager$2.invokeSuspend(VcsProjectLogBase.kt:209)
	at com.intellij.vcs.log.impl.VcsProjectLogBase$getOrCreateLogManager$2.invoke(VcsProjectLogBase.kt)
	at com.intellij.vcs.log.impl.VcsProjectLogBase$getOrCreateLogManager$2.invoke(VcsProjectLogBase.kt)
	at com.intellij.platform.backend.observation.PlatformActivityTrackerService$trackConfigurationActivity$2$1.invokeSuspend(PlatformActivityTrackerService.kt:72)
	at com.intellij.platform.backend.observation.PlatformActivityTrackerService$trackConfigurationActivity$2$1.invoke(PlatformActivityTrackerService.kt)
	at com.intellij.platform.backend.observation.PlatformActivityTrackerService$trackConfigurationActivity$2$1.invoke(PlatformActivityTrackerService.kt)
	at kotlinx.coroutines.intrinsics.UndispatchedKt.startUndispatchedOrReturn(Undispatched.kt:44)
	at kotlinx.coroutines.BuildersKt__Builders_commonKt.withContext(Builders.common.kt:166)
	at kotlinx.coroutines.BuildersKt.withContext(Unknown Source)
	at com.intellij.platform.backend.observation.PlatformActivityTrackerService.trackConfigurationActivity(PlatformActivityTrackerService.kt:71)
	at com.intellij.platform.backend.observation.TrackingUtil.trackActivity(util.kt:23)
	at com.intellij.vcs.log.impl.VcsProjectLogBase.getOrCreateLogManager(VcsProjectLogBase.kt:208)
	at com.intellij.vcs.log.impl.VcsProjectLogBase.reinitUnsafe(VcsProjectLogBase.kt:188)
	at com.intellij.vcs.log.impl.VcsProjectLogBase.access$reinitUnsafe(VcsProjectLogBase.kt:52)
	at com.intellij.vcs.log.impl.VcsProjectLogBase$reinitAsync$1.invokeSuspend(VcsProjectLogBase.kt:182)
	at kotlin.coroutines.jvm.internal.BaseContinuationImpl.resumeWith(ContinuationImpl.kt:33)
	at kotlinx.coroutines.DispatchedTask.run(DispatchedTask.kt:100)
	at kotlinx.coroutines.scheduling.CoroutineScheduler.runSafely(CoroutineScheduler.kt:613)
	at kotlinx.coroutines.scheduling.CoroutineScheduler$Worker.executeTask(CoroutineScheduler.kt:1189)
	at kotlinx.coroutines.scheduling.CoroutineScheduler$Worker.runWorker(CoroutineScheduler.kt:778)
	at kotlinx.coroutines.scheduling.CoroutineScheduler$Worker.run(CoroutineScheduler.kt:765)
2025-12-08 08:36:52,360 [  13004]   WARN - #c.i.p.j.n.WebTypesNpmLoader - Failed to fetch packages for '@web-types' (Full Text): Request failed with status code 429
2025-12-08 16:27:55,039 [28275683]   WARN - org.apache.velocity.deprecation - configuration key 'resource.loader' has been deprecated in favor of 'resource.loaders'
2025-12-08 16:27:55,040 [28275684]   WARN - org.apache.velocity.deprecation - configuration key 'includes.resource.loader.instance' has been deprecated in favor of 'resource.loader.includes.instance'
2025-12-08 17:02:37,793 [30358437]   WARN - #c.i.o.f.i.EditorCompositeModelManager - Cannot use saved provider list (savedProviders={split-provider[text-editor;markdown-preview-editor]=[Element: <state/>]}, resolvedProvider=[])
JCEF_I(02:38:125): Found free tcp-port 6188 for server.
JCEF_I(02:38:125): Found free tcp-port 6189 for java-handlers.
JCEF_V(02:38:143): Created CefServer instance. Transport port=6188 (backward port=6189). Params:
[--disable-features=SpareRendererForSitePerProcess, --force-device-scale-factor=1.0, --disable-gpu-process-crash-limit, --disable-component-update, --autoplay-policy=no-user-gesture-required]| log_file=/home/alma/.cache/JetBrains/IntelliJIdea2025.2/log/jcef_6397.log, log_severity=LOGSEVERITY_DISABLE
2025-12-08 17:02:38,177 [30358821] SEVERE - #c.i.u.i.UnindexedFilesScanner - It should not happen that project has seen file id in orphan queue at index larger than number of files that orphan queue ever had. projectQueue.lastSeenIdsInOrphanQueue=79, orphanQueue.untrimmedSize=0, orphanQueue.fileIds.size=0, project=Project(name=proxy, containerState=COMPONENT_CREATED, componentStore=/home/alma/0prog2/programacion-2-2025-trabajo-final-almaeq/proxy), orphanQueueDiscardReason=com.intellij.util.indexing.OrphanDirtyFilesQueueDiscardReason@6d56b6ad
java.lang.Throwable: It should not happen that project has seen file id in orphan queue at index larger than number of files that orphan queue ever had. projectQueue.lastSeenIdsInOrphanQueue=79, orphanQueue.untrimmedSize=0, orphanQueue.fileIds.size=0, project=Project(name=proxy, containerState=COMPONENT_CREATED, componentStore=/home/alma/0prog2/programacion-2-2025-trabajo-final-almaeq/proxy), orphanQueueDiscardReason=com.intellij.util.indexing.OrphanDirtyFilesQueueDiscardReason@6d56b6ad
	at com.intellij.openapi.diagnostic.Logger.error(Logger.java:375)
	at com.intellij.util.indexing.UnindexedFilesScannerStartupKt.getNotSeenIds(unindexedFilesScannerStartup.kt:207)
	at com.intellij.util.indexing.UnindexedFilesScannerStartupKt.scanAndIndexProjectAfterOpen(unindexedFilesScannerStartup.kt:72)
	at com.intellij.util.indexing.ProjectFileBasedIndexStartupActivity.runActivity(ProjectFileBasedIndexStartupActivity.kt:93)
	at com.intellij.openapi.project.InitialDumbTaskRequiredForSmartMode.performInDumbMode(InitialDumbTaskRequiredForSmartMode.kt:22)
	at com.intellij.openapi.project.DumbModeTask.perform(DumbModeTask.java:40)
	at com.intellij.openapi.project.MergingTaskQueue$QueuedTask.executeTask(MergingTaskQueue.java:296)
	at com.intellij.openapi.project.MergingTaskQueue$QueuedTask.executeTask(MergingTaskQueue.java:284)
	at com.intellij.openapi.project.MergingQueueGuiExecutor.runSingleTask$lambda$8(MergingQueueGuiExecutor.kt:255)
	at com.intellij.openapi.progress.impl.CoreProgressManager.lambda$runProcess$1(CoreProgressManager.java:229)
	at com.intellij.platform.diagnostic.telemetry.helpers.TraceKt.use(trace.kt:44)
	at com.intellij.openapi.progress.impl.CoreProgressManager.lambda$runProcess$2(CoreProgressManager.java:228)
	at com.intellij.openapi.progress.impl.CoreProgressManager.lambda$executeProcessUnderProgress$14(CoreProgressManager.java:681)
	at com.intellij.openapi.progress.impl.CoreProgressManager.registerIndicatorAndRun(CoreProgressManager.java:756)
	at com.intellij.openapi.progress.impl.CoreProgressManager.computeUnderProgress(CoreProgressManager.java:712)
	at com.intellij.openapi.progress.impl.CoreProgressManager.executeProcessUnderProgress(CoreProgressManager.java:680)
	at com.intellij.openapi.progress.impl.ProgressManagerImpl.executeProcessUnderProgress(ProgressManagerImpl.java:78)
	at com.intellij.openapi.progress.impl.CoreProgressManager.runProcess(CoreProgressManager.java:209)
	at com.intellij.openapi.project.MergingQueueGuiExecutor.runSingleTask(MergingQueueGuiExecutor.kt:251)
	at com.intellij.openapi.project.MergingQueueGuiExecutor.processTasksWithProgress$lambda$3(MergingQueueGuiExecutor.kt:126)
	at com.intellij.openapi.project.MergingQueueGuiSuspender.setCurrentSuspenderAndSuspendIfRequested(MergingQueueGuiSuspender.kt:61)
	at com.intellij.openapi.project.MergingQueueGuiExecutor.processTasksWithProgress(MergingQueueGuiExecutor.kt:110)
	at com.intellij.openapi.project.DumbServiceGuiExecutor.processTasksWithProgress(DumbServiceGuiExecutor.kt:41)
	at com.intellij.openapi.project.MergingQueueGuiExecutor.runBackgroundProcessWithSuspender(MergingQueueGuiExecutor.kt:242)
	at com.intellij.openapi.project.MergingQueueGuiExecutor.lambda$1$lambda$0(MergingQueueGuiExecutor.kt:102)
	at com.intellij.openapi.project.MergingQueueGuiExecutor.runWithCallbacks(MergingQueueGuiExecutor.kt:226)
	at com.intellij.openapi.project.MergingQueueGuiExecutor._init_$lambda$1(MergingQueueGuiExecutor.kt:101)
	at com.intellij.openapi.project.SingleTaskExecutor$StateAwareTask.run$lambda$0(SingleTaskExecutor.kt:37)
	at com.intellij.openapi.project.SingleTaskExecutor.runWithStateHandling(SingleTaskExecutor.kt:63)
	at com.intellij.openapi.project.SingleTaskExecutor.access$runWithStateHandling(SingleTaskExecutor.kt:22)
	at com.intellij.openapi.project.SingleTaskExecutor$StateAwareTask.run(SingleTaskExecutor.kt:37)
	at com.intellij.openapi.project.MergingQueueGuiExecutor.startBackgroundProcess$lambda$6$lambda$5(MergingQueueGuiExecutor.kt:156)
	at com.intellij.openapi.project.MergingQueueGuiExecutor$startInBackgroundWithVisibleOrInvisibleProgress$backgroundableTask$1.run(MergingQueueGuiExecutor.kt:197)
	at com.intellij.openapi.progress.impl.CoreProgressManager.startTask(CoreProgressManager.java:498)
	at com.intellij.openapi.progress.impl.ProgressManagerImpl.startTask(ProgressManagerImpl.java:119)
	at com.intellij.openapi.progress.impl.CoreProgressManager.lambda$runProcessWithProgressAsynchronously$7(CoreProgressManager.java:549)
	at com.intellij.openapi.progress.impl.ProgressRunner.lambda$submit$4(ProgressRunner.java:252)
	at com.intellij.openapi.progress.ProgressManager.lambda$runProcess$0(ProgressManager.java:98)
	at com.intellij.openapi.progress.impl.CoreProgressManager.lambda$runProcess$1(CoreProgressManager.java:229)
	at com.intellij.platform.diagnostic.telemetry.helpers.TraceKt.use(trace.kt:44)
	at com.intellij.openapi.progress.impl.CoreProgressManager.lambda$runProcess$2(CoreProgressManager.java:228)
	at com.intellij.openapi.progress.impl.CoreProgressManager.lambda$executeProcessUnderProgress$14(CoreProgressManager.java:681)
	at com.intellij.openapi.progress.impl.CoreProgressManager.registerIndicatorAndRun(CoreProgressManager.java:756)
	at com.intellij.openapi.progress.impl.CoreProgressManager.computeUnderProgress(CoreProgressManager.java:712)
	at com.intellij.openapi.progress.impl.CoreProgressManager.executeProcessUnderProgress(CoreProgressManager.java:680)
	at com.intellij.openapi.progress.impl.ProgressManagerImpl.executeProcessUnderProgress(ProgressManagerImpl.java:78)
	at com.intellij.openapi.progress.impl.CoreProgressManager.runProcess(CoreProgressManager.java:209)
	at com.intellij.openapi.progress.ProgressManager.runProcess(ProgressManager.java:98)
	at com.intellij.openapi.progress.impl.ProgressRunner.lambda$submit$5(ProgressRunner.java:252)
	at com.intellij.openapi.progress.impl.ProgressRunner$ProgressRunnable.run(ProgressRunner.java:515)
	at com.intellij.openapi.progress.impl.ProgressRunner.lambda$launchTask$18(ProgressRunner.java:480)
	at com.intellij.util.concurrency.ChildContext$runInChildContext$1.invoke(propagation.kt:167)
	at com.intellij.util.concurrency.ChildContext$runInChildContext$1.invoke(propagation.kt:167)
	at com.intellij.util.concurrency.ChildContext.runInChildContext(propagation.kt:173)
	at com.intellij.util.concurrency.ChildContext.runInChildContext(propagation.kt:167)
	at com.intellij.openapi.progress.impl.ProgressRunner.lambda$launchTask$19(ProgressRunner.java:476)
	at java.base/java.util.concurrent.ThreadPoolExecutor.runWorker(ThreadPoolExecutor.java:1144)
	at java.base/java.util.concurrent.ThreadPoolExecutor$Worker.run(ThreadPoolExecutor.java:642)
	at java.base/java.util.concurrent.Executors$PrivilegedThreadFactory$1$1.run(Executors.java:735)
	at java.base/java.util.concurrent.Executors$PrivilegedThreadFactory$1$1.run(Executors.java:732)
	at java.base/java.security.AccessController.doPrivileged(AccessController.java:400)
	at java.base/java.util.concurrent.Executors$PrivilegedThreadFactory$1.run(Executors.java:732)
	at java.base/java.lang.Thread.run(Thread.java:1583)
2025-12-08 17:02:38,180 [30358824] SEVERE - #c.i.u.i.UnindexedFilesScanner - IntelliJ IDEA 2025.2.3  Build #IU-252.26830.84
2025-12-08 17:02:38,180 [30358824] SEVERE - #c.i.u.i.UnindexedFilesScanner - JDK: 21.0.8; VM: OpenJDK 64-Bit Server VM; Vendor: JetBrains s.r.o.
2025-12-08 17:02:38,180 [30358824] SEVERE - #c.i.u.i.UnindexedFilesScanner - OS: Linux
2025-12-08 17:02:38,180 [30358824] SEVERE - #c.i.u.i.UnindexedFilesScanner - Last Action: OpenFile
2025-12-08 17:02:38,455 [30359099]   WARN - #c.i.v.l.u.StorageId$Directory - Failed to move /home/alma/.cache/JetBrains/IntelliJIdea2025.2/vcs-log/proxy_743d0145_289ba3ea/index to /home/alma/.cache/JetBrains/IntelliJIdea2025.2/vcs-log/proxy_743d0145_289ba3ea/index
java.nio.file.NoSuchFileException: /home/alma/.cache/JetBrains/IntelliJIdea2025.2/vcs-log/proxy_743d0145_289ba3ea/index
	at java.base/sun.nio.fs.UnixException.translateToIOException(UnixException.java:94)
	at java.base/sun.nio.fs.UnixException.rethrowAsIOException(UnixException.java:108)
	at java.base/sun.nio.fs.UnixException.rethrowAsIOException(UnixException.java:114)
	at java.base/sun.nio.fs.UnixFileSystem.move(UnixFileSystem.java:892)
	at java.base/sun.nio.fs.UnixFileSystemProvider.move(UnixFileSystemProvider.java:309)
	at com.intellij.platform.core.nio.fs.DelegatingFileSystemProvider.move(DelegatingFileSystemProvider.java:211)
	at java.base/java.nio.file.Files.move(Files.java:1431)
	at com.intellij.vcs.log.util.StorageId.cleanupAllStorageFiles(PersistentUtil.kt:58)
	at com.intellij.vcs.log.data.VcsLogStorageImpl.lambda$createStorageAndIndexBackend$4(VcsLogStorageImpl.java:375)
	at com.intellij.util.io.IOUtil.openCleanOrResetBroken(IOUtil.java:310)
	at com.intellij.vcs.log.data.VcsLogStorageImpl.createStorageAndIndexBackend(VcsLogStorageImpl.java:358)
	at com.intellij.vcs.log.data.VcsLogData.createStorageAndIndex(VcsLogData.java:149)
	at com.intellij.vcs.log.data.VcsLogData.<init>(VcsLogData.java:92)
	at com.intellij.vcs.log.impl.VcsLogManager.<init>(VcsLogManager.kt:62)
	at com.intellij.vcs.log.impl.IdeVcsLogManager.<init>(IdeVcsLogManager.kt:33)
	at com.intellij.vcs.log.impl.IdeVcsProjectLog.createLogManager(IdeVcsProjectLog.kt:48)
	at com.intellij.vcs.log.impl.VcsProjectLogBase.getOrCreateLogManager(VcsProjectLogBase.kt:221)
	at com.intellij.vcs.log.impl.VcsProjectLogBase.access$getOrCreateLogManager(VcsProjectLogBase.kt:52)
	at com.intellij.vcs.log.impl.VcsProjectLogBase$getOrCreateLogManager$2.invokeSuspend(VcsProjectLogBase.kt:209)
	at com.intellij.vcs.log.impl.VcsProjectLogBase$getOrCreateLogManager$2.invoke(VcsProjectLogBase.kt)
	at com.intellij.vcs.log.impl.VcsProjectLogBase$getOrCreateLogManager$2.invoke(VcsProjectLogBase.kt)
	at com.intellij.platform.backend.observation.PlatformActivityTrackerService$trackConfigurationActivity$2$1.invokeSuspend(PlatformActivityTrackerService.kt:72)
	at com.intellij.platform.backend.observation.PlatformActivityTrackerService$trackConfigurationActivity$2$1.invoke(PlatformActivityTrackerService.kt)
	at com.intellij.platform.backend.observation.PlatformActivityTrackerService$trackConfigurationActivity$2$1.invoke(PlatformActivityTrackerService.kt)
	at kotlinx.coroutines.intrinsics.UndispatchedKt.startUndispatchedOrReturn(Undispatched.kt:44)
	at kotlinx.coroutines.BuildersKt__Builders_commonKt.withContext(Builders.common.kt:166)
	at kotlinx.coroutines.BuildersKt.withContext(Unknown Source)
	at com.intellij.platform.backend.observation.PlatformActivityTrackerService.trackConfigurationActivity(PlatformActivityTrackerService.kt:71)
	at com.intellij.platform.backend.observation.TrackingUtil.trackActivity(util.kt:23)
	at com.intellij.vcs.log.impl.VcsProjectLogBase.getOrCreateLogManager(VcsProjectLogBase.kt:208)
	at com.intellij.vcs.log.impl.VcsProjectLogBase.access$getOrCreateLogManager(VcsProjectLogBase.kt:52)
	at com.intellij.vcs.log.impl.VcsProjectLogBase$initAsync$1.invokeSuspend(VcsProjectLogBase.kt:164)
	at kotlin.coroutines.jvm.internal.BaseContinuationImpl.resumeWith(ContinuationImpl.kt:33)
	at kotlinx.coroutines.DispatchedTask.run(DispatchedTask.kt:100)
	at kotlinx.coroutines.scheduling.CoroutineScheduler.runSafely(CoroutineScheduler.kt:613)
	at kotlinx.coroutines.scheduling.CoroutineScheduler$Worker.executeTask(CoroutineScheduler.kt:1189)
	at kotlinx.coroutines.scheduling.CoroutineScheduler$Worker.runWorker(CoroutineScheduler.kt:778)
	at kotlinx.coroutines.scheduling.CoroutineScheduler$Worker.run(CoroutineScheduler.kt:765)
2025-12-08 17:02:41,118 [30361762]   WARN - #c.i.p.j.n.WebTypesNpmLoader - Failed to fetch packages for '@web-types' (Full Text): Request failed with status code 429
2025-12-08 17:02:42,674 [30363318]   WARN - #o.j.i.maven - updateMavenProjects started: incremental=true, MavenProjectAware.reloadProject, sync selected 1 0 proxy
2025-12-08 17:02:46,231 [30366875]   WARN - #c.i.e.r.RemoteProcessSupport - Remote process stderr:WARNING: A terminally deprecated method in sun.misc.Unsafe has been called

2025-12-08 17:02:46,231 [30366875]   WARN - #c.i.e.r.RemoteProcessSupport - WARNING: A terminally deprecated method in sun.misc.Unsafe has been called
2025-12-08 17:02:46,231 [30366875]   WARN - #c.i.e.r.RemoteProcessSupport - Remote process stderr:WARNING: sun.misc.Unsafe::staticFieldBase has been called by com.google.inject.internal.aop.HiddenClassDefiner (file:/home/alma/.m2/wrapper/dists/apache-maven-3.9.11-bin/6mqf5t809d9geo83kj4ttckcbc/apache-maven-3.9.11/lib/guice-5.1.0-classes.jar)

2025-12-08 17:02:46,231 [30366875]   WARN - #c.i.e.r.RemoteProcessSupport - WARNING: sun.misc.Unsafe::staticFieldBase has been called by com.google.inject.internal.aop.HiddenClassDefiner (file:/home/alma/.m2/wrapper/dists/apache-maven-3.9.11-bin/6mqf5t809d9geo83kj4ttckcbc/apache-maven-3.9.11/lib/guice-5.1.0-classes.jar)
2025-12-08 17:02:46,231 [30366875]   WARN - #c.i.e.r.RemoteProcessSupport - Remote process stderr:WARNING: Please consider reporting this to the maintainers of class com.google.inject.internal.aop.HiddenClassDefiner

2025-12-08 17:02:46,231 [30366875]   WARN - #c.i.e.r.RemoteProcessSupport - WARNING: Please consider reporting this to the maintainers of class com.google.inject.internal.aop.HiddenClassDefiner
2025-12-08 17:02:46,231 [30366875]   WARN - #c.i.e.r.RemoteProcessSupport - Remote process stderr:WARNING: sun.misc.Unsafe::staticFieldBase will be removed in a future release

2025-12-08 17:02:46,231 [30366875]   WARN - #c.i.e.r.RemoteProcessSupport - WARNING: sun.misc.Unsafe::staticFieldBase will be removed in a future release
2025-12-08 17:02:50,007 [30370651]   WARN - #o.j.i.maven - updateMavenProjects finished: incremental=true, MavenProjectAware.reloadProject, sync selected 1 0 proxy
2025-12-09 09:49:10,271 [90750915]   WARN - #o.j.c.f.l.l.s.c.FullLineCompletionInputBuilder - Sequence is empty.
java.util.NoSuchElementException: Sequence is empty.
	at kotlin.sequences.SequencesKt___SequencesKt.first(_Sequences.kt:116)
	at org.jetbrains.completion.full.line.local.generation.ChunkTrimmer$Companion.trimLines(ChunkTrimmer.kt:29)
	at org.jetbrains.completion.full.line.local.generation.ChunkTrimmer$Companion.trim(ChunkTrimmer.kt:18)
	at org.jetbrains.completion.full.line.local.generation.RecentContextRetriever$retrieveChunks$2$1.invoke(RecentContextRetriever.kt:80)
	at org.jetbrains.completion.full.line.local.generation.RecentContextRetriever$retrieveChunks$2$1.invoke(RecentContextRetriever.kt:70)
	at com.intellij.openapi.application.rw.InternalReadAction.insideReadAction(InternalReadAction.kt:111)
	at com.intellij.openapi.application.rw.InternalReadAction.tryReadCancellable$lambda$4(InternalReadAction.kt:101)
	at com.intellij.openapi.application.rw.CancellableReadActionKt.cancellableReadActionInternal$lambda$3$lambda$2$lambda$1(cancellableReadAction.kt:32)
	at com.intellij.platform.locking.impl.NestedLocksThreadingSupport.tryRunReadAction(NestedLocksThreadingSupport.kt:826)
	at com.intellij.openapi.application.impl.ApplicationImpl.tryRunReadAction(ApplicationImpl.java:1221)
	at com.intellij.openapi.application.rw.CancellableReadActionKt.cancellableReadActionInternal$lambda$3$lambda$2(cancellableReadAction.kt:30)
	at com.intellij.openapi.progress.util.ProgressIndicatorUtilService.runActionAndCancelBeforeWrite(ProgressIndicatorUtilService.java:73)
	at com.intellij.openapi.progress.util.ProgressIndicatorUtils.runActionAndCancelBeforeWrite(ProgressIndicatorUtils.java:152)
	at com.intellij.openapi.application.rw.CancellableReadActionKt.cancellableReadActionInternal(cancellableReadAction.kt:28)
	at com.intellij.openapi.application.rw.InternalReadAction.tryReadCancellable(InternalReadAction.kt:100)
	at com.intellij.openapi.application.rw.InternalReadAction.tryReadAction(InternalReadAction.kt:86)
	at com.intellij.openapi.application.rw.InternalReadAction.readLoop(InternalReadAction.kt:73)
	at com.intellij.openapi.application.rw.InternalReadAction.access$readLoop(InternalReadAction.kt:15)
	at com.intellij.openapi.application.rw.InternalReadAction$runReadAction$6.invokeSuspend(InternalReadAction.kt:52)
	at com.intellij.openapi.application.rw.InternalReadAction$runReadAction$6.invoke(InternalReadAction.kt)
	at com.intellij.openapi.application.rw.InternalReadAction$runReadAction$6.invoke(InternalReadAction.kt)
	at kotlinx.coroutines.intrinsics.UndispatchedKt.startUndispatchedOrReturn(Undispatched.kt:44)
	at kotlinx.coroutines.BuildersKt__Builders_commonKt.withContext(Builders.common.kt:166)
	at kotlinx.coroutines.BuildersKt.withContext(Unknown Source)
	at com.intellij.openapi.application.rw.InternalReadAction.runReadAction(InternalReadAction.kt:50)
	at com.intellij.openapi.application.rw.PlatformReadWriteActionSupport.executeReadAction(PlatformReadWriteActionSupport.kt:42)
	at com.intellij.openapi.application.ReadWriteActionSupport.executeReadAction$default(ReadWriteActionSupport.kt:15)
	at com.intellij.openapi.application.CoroutinesKt.constrainedReadAction(coroutines.kt:66)
	at com.intellij.openapi.application.CoroutinesKt.readAction(coroutines.kt:33)
	at org.jetbrains.completion.full.line.local.generation.RecentContextRetriever$retrieveChunks$$inlined$mapNotNull$1$2.emit(Emitters.kt:52)
	at kotlinx.coroutines.flow.FlowKt__BuildersKt$asFlow$$inlined$unsafeFlow$3.collect(SafeCollector.common.kt:111)
	at org.jetbrains.completion.full.line.local.generation.RecentContextRetriever$retrieveChunks$$inlined$mapNotNull$1.collect(SafeCollector.common.kt:109)
	at kotlinx.coroutines.flow.FlowKt__LimitKt$takeWhile$$inlined$unsafeFlow$1.collect(SafeCollector.common.kt:120)
	at kotlinx.coroutines.flow.FlowKt__CollectionKt.toCollection(Collection.kt:22)
	at kotlinx.coroutines.flow.FlowKt.toCollection(Unknown Source)
	at kotlinx.coroutines.flow.FlowKt__CollectionKt.toList(Collection.kt:11)
	at kotlinx.coroutines.flow.FlowKt.toList(Unknown Source)
	at kotlinx.coroutines.flow.FlowKt__CollectionKt.toList$default(Collection.kt:11)
	at kotlinx.coroutines.flow.FlowKt.toList$default(Unknown Source)
	at org.jetbrains.completion.full.line.local.generation.RecentContextRetriever.retrieveChunks(RecentContextRetriever.kt:86)
	at org.jetbrains.completion.full.line.local.generation.RecentContextRetriever.getContextIds(RecentContextRetriever.kt:30)
	at org.jetbrains.completion.full.line.local.suggest.collector.FullLineCompletionInputBuilder.buildRecentContext(FullLineCompletionInputBuilder.kt:146)
	at org.jetbrains.completion.full.line.local.suggest.collector.FullLineCompletionInputBuilder.smartContextComposition(FullLineCompletionInputBuilder.kt:73)
	at org.jetbrains.completion.full.line.local.suggest.collector.FullLineCompletionInputBuilder.build(FullLineCompletionInputBuilder.kt:56)
	at org.jetbrains.completion.full.line.impl.providers.LocalFullLineCompletionClient.composeContext(LocalFullLineCompletionClient.kt:48)
	at org.jetbrains.completion.full.line.impl.providers.LocalFullLineCompletionClient$composeContext$1.invokeSuspend(LocalFullLineCompletionClient.kt)
	at kotlin.coroutines.jvm.internal.BaseContinuationImpl.resumeWith(ContinuationImpl.kt:33)
	at kotlinx.coroutines.DispatchedTask.run(DispatchedTask.kt:100)
	at kotlinx.coroutines.scheduling.CoroutineScheduler.runSafely(CoroutineScheduler.kt:613)
	at kotlinx.coroutines.scheduling.CoroutineScheduler$Worker.executeTask(CoroutineScheduler.kt:1189)
	at kotlinx.coroutines.scheduling.CoroutineScheduler$Worker.runWorker(CoroutineScheduler.kt:778)
	at kotlinx.coroutines.scheduling.CoroutineScheduler$Worker.run(CoroutineScheduler.kt:765)
2025-12-09 09:49:40,393 [90781037]   WARN - #o.j.c.f.l.l.s.c.FullLineCompletionInputBuilder - Suppressed a frequent exception logged for the 2nd time: Sequence is empty.
